<?xml version="1.0" encoding="UTF-8"?>
<testng-results ignored="0" total="1" passed="1" failed="0" skipped="0">
  <reporter-output>
  </reporter-output>
  <suite started-at="2026-03-10T12:17:24 IST" name="ParaBankAutomationSuite" finished-at="2026-03-10T12:17:49 IST" duration-ms="24092">
    <groups>
    </groups>
    <test started-at="2026-03-10T12:17:24 IST" name="ParaBankEndToEndTest" finished-at="2026-03-10T12:17:49 IST" duration-ms="24092">
      <class name="tests.ParaBankTest">
        <test-method is-config="true" signature="setup()[pri:0, instance:tests.ParaBankTest@3fc2959f]" started-at="2026-03-10T12:17:25 IST" name="setup" finished-at="2026-03-10T12:17:38 IST" duration-ms="13854" status="PASS">
          <reporter-output>
          </reporter-output>
        </test-method> <!-- setup -->
        <test-method signature="paraBankEndToEndTest()[pri:0, instance:tests.ParaBankTest@3fc2959f]" started-at="2026-03-10T12:17:38 IST" name="paraBankEndToEndTest" finished-at="2026-03-10T12:17:48 IST" duration-ms="9316" status="PASS">
          <reporter-output>
          </reporter-output>
        </test-method> <!-- paraBankEndToEndTest -->
        <test-method is-config="true" signature="teardown()[pri:0, instance:tests.ParaBankTest@3fc2959f]" started-at="2026-03-10T12:17:48 IST" name="teardown" finished-at="2026-03-10T12:17:49 IST" duration-ms="811" status="PASS">
          <reporter-output>
          </reporter-output>
        </test-method> <!-- teardown -->
      </class> <!-- tests.ParaBankTest -->
    </test> <!-- ParaBankEndToEndTest -->
  </suite> <!-- ParaBankAutomationSuite -->
</testng-results>
