<?xml version="1.0" encoding="UTF-8"?>
<testng-results ignored="0" total="1" passed="1" failed="0" skipped="0">
  <reporter-output>
  </reporter-output>
  <suite started-at="2026-03-10T11:58:44 IST" name="Default suite" finished-at="2026-03-10T11:58:59 IST" duration-ms="15021">
    <groups>
    </groups>
    <test started-at="2026-03-10T11:58:44 IST" name="Default test" finished-at="2026-03-10T11:58:59 IST" duration-ms="15021">
      <class name="tests.ParaBankTest">
        <test-method is-config="true" signature="setup()[pri:0, instance:tests.ParaBankTest@5656be13]" started-at="2026-03-10T11:58:44 IST" name="setup" finished-at="2026-03-10T11:58:51 IST" duration-ms="7091" status="PASS">
          <reporter-output>
          </reporter-output>
        </test-method> <!-- setup -->
        <test-method signature="paraBankEndToEndTest()[pri:0, instance:tests.ParaBankTest@5656be13]" started-at="2026-03-10T11:58:51 IST" name="paraBankEndToEndTest" finished-at="2026-03-10T11:58:59 IST" duration-ms="7377" status="PASS">
          <reporter-output>
          </reporter-output>
        </test-method> <!-- paraBankEndToEndTest -->
        <test-method is-config="true" signature="teardown()[pri:0, instance:tests.ParaBankTest@5656be13]" started-at="2026-03-10T11:58:59 IST" name="teardown" finished-at="2026-03-10T11:58:59 IST" duration-ms="481" status="PASS">
          <reporter-output>
          </reporter-output>
        </test-method> <!-- teardown -->
      </class> <!-- tests.ParaBankTest -->
    </test> <!-- Default test -->
  </suite> <!-- Default suite -->
</testng-results>
